[
  {
    "line": 2,
    "elements": [
      {
        "start_timestamp": "2023-03-10T12:49:47.794Z",
        "before": [
          {
            "result": {
              "duration": 6014600,
              "status": "passed"
            },
            "match": {
              "location": "Hooks.bef1()"
            }
          },
          {
            "result": {
              "duration": 647100,
              "status": "passed"
            },
            "match": {
              "location": "Hooks.bef12()"
            }
          },
          {
            "result": {
              "error_message": "org.openqa.selenium.SessionNotCreatedException: session not created: This version of ChromeDriver only supports Chrome version 98\nCurrent browser version is 108.0.5359.125 with binary path C:\\Program Files\\Google\\Chrome\\Application\\chrome.exe\nBuild info: version: \u00273.141.59\u0027, revision: \u0027e82be7d358\u0027, time: \u00272018-11-14T08:17:03\u0027\nSystem info: host: \u0027LTIN263603\u0027, ip: \u0027192.168.43.42\u0027, os.name: \u0027Windows 10\u0027, os.arch: \u0027amd64\u0027, os.version: \u002710.0\u0027, java.version: \u00271.8.0_291\u0027\nDriver info: driver.version: ChromeDriver\nremote stacktrace: Backtrace:\n\tOrdinal0 [0x00A369A3+2582947]\n\tOrdinal0 [0x009CA6D1+2139857]\n\tOrdinal0 [0x008C3A98+1063576]\n\tOrdinal0 [0x008E33B8+1192888]\n\tOrdinal0 [0x008DF235+1176117]\n\tOrdinal0 [0x008DC9E1+1165793]\n\tOrdinal0 [0x0090CFFF+1363967]\n\tOrdinal0 [0x0090CC2A+1362986]\n\tOrdinal0 [0x00908366+1344358]\n\tOrdinal0 [0x008E5176+1200502]\n\tOrdinal0 [0x008E6066+1204326]\n\tGetHandleVerifier [0x00BDBE02+1675858]\n\tGetHandleVerifier [0x00C9036C+2414524]\n\tGetHandleVerifier [0x00ACBB01+560977]\n\tGetHandleVerifier [0x00ACA8D3+556323]\n\tOrdinal0 [0x009D020E+2163214]\n\tOrdinal0 [0x009D5078+2183288]\n\tOrdinal0 [0x009D51C0+2183616]\n\tOrdinal0 [0x009DEE1C+2223644]\n\tBaseThreadInitThunk [0x764700F9+25]\n\tRtlGetAppContainerNamedObjectPath [0x77937BBE+286]\n\tRtlGetAppContainerNamedObjectPath [0x77937B8E+238]\n\r\n\tat sun.reflect.NativeConstructorAccessorImpl.newInstance0(Native Method)\r\n\tat sun.reflect.NativeConstructorAccessorImpl.newInstance(NativeConstructorAccessorImpl.java:62)\r\n\tat sun.reflect.DelegatingConstructorAccessorImpl.newInstance(DelegatingConstructorAccessorImpl.java:45)\r\n\tat java.lang.reflect.Constructor.newInstance(Constructor.java:423)\r\n\tat org.openqa.selenium.remote.W3CHandshakeResponse.lambda$errorHandler$0(W3CHandshakeResponse.java:62)\r\n\tat org.openqa.selenium.remote.HandshakeResponse.lambda$getResponseFunction$0(HandshakeResponse.java:30)\r\n\tat org.openqa.selenium.remote.ProtocolHandshake.lambda$createSession$0(ProtocolHandshake.java:126)\r\n\tat java.util.stream.ReferencePipeline$3$1.accept(ReferencePipeline.java:193)\r\n\tat java.util.Spliterators$ArraySpliterator.tryAdvance(Spliterators.java:958)\r\n\tat java.util.stream.ReferencePipeline.forEachWithCancel(ReferencePipeline.java:126)\r\n\tat java.util.stream.AbstractPipeline.copyIntoWithCancel(AbstractPipeline.java:499)\r\n\tat java.util.stream.AbstractPipeline.copyInto(AbstractPipeline.java:486)\r\n\tat java.util.stream.AbstractPipeline.wrapAndCopyInto(AbstractPipeline.java:472)\r\n\tat java.util.stream.FindOps$FindOp.evaluateSequential(FindOps.java:152)\r\n\tat java.util.stream.AbstractPipeline.evaluate(AbstractPipeline.java:234)\r\n\tat java.util.stream.ReferencePipeline.findFirst(ReferencePipeline.java:464)\r\n\tat org.openqa.selenium.remote.ProtocolHandshake.createSession(ProtocolHandshake.java:128)\r\n\tat org.openqa.selenium.remote.ProtocolHandshake.createSession(ProtocolHandshake.java:74)\r\n\tat org.openqa.selenium.remote.HttpCommandExecutor.execute(HttpCommandExecutor.java:136)\r\n\tat org.openqa.selenium.remote.service.DriverCommandExecutor.execute(DriverCommandExecutor.java:83)\r\n\tat org.openqa.selenium.remote.RemoteWebDriver.execute(RemoteWebDriver.java:552)\r\n\tat org.openqa.selenium.remote.RemoteWebDriver.startSession(RemoteWebDriver.java:213)\r\n\tat org.openqa.selenium.remote.RemoteWebDriver.\u003cinit\u003e(RemoteWebDriver.java:131)\r\n\tat org.openqa.selenium.chrome.ChromeDriver.\u003cinit\u003e(ChromeDriver.java:181)\r\n\tat org.openqa.selenium.chrome.ChromeDriver.\u003cinit\u003e(ChromeDriver.java:168)\r\n\tat org.openqa.selenium.chrome.ChromeDriver.\u003cinit\u003e(ChromeDriver.java:123)\r\n\tat org.base.BaseClass.openChromeBrowser(BaseClass.java:29)\r\n\tat org.stepdefinition.Hooks.bef(Hooks.java:23)\r\n\tat sun.reflect.NativeMethodAccessorImpl.invoke0(Native Method)\r\n\tat sun.reflect.NativeMethodAccessorImpl.invoke(NativeMethodAccessorImpl.java:62)\r\n\tat sun.reflect.DelegatingMethodAccessorImpl.invoke(DelegatingMethodAccessorImpl.java:43)\r\n\tat java.lang.reflect.Method.invoke(Method.java:498)\r\n\tat cucumber.runtime.Utils$1.call(Utils.java:26)\r\n\tat cucumber.runtime.Timeout.timeout(Timeout.java:16)\r\n\tat cucumber.runtime.Utils.invoke(Utils.java:20)\r\n\tat cucumber.runtime.java.JavaHookDefinition.execute(JavaHookDefinition.java:65)\r\n\tat cucumber.runner.HookDefinitionMatch.runStep(HookDefinitionMatch.java:16)\r\n\tat cucumber.runner.TestStep.executeStep(TestStep.java:65)\r\n\tat cucumber.runner.TestStep.run(TestStep.java:50)\r\n\tat cucumber.runner.TestCase.run(TestCase.java:42)\r\n\tat cucumber.runner.Runner.runPickle(Runner.java:50)\r\n\tat io.cucumber.junit.PickleRunners$NoStepDescriptions.run(PickleRunners.java:146)\r\n\tat io.cucumber.junit.FeatureRunner.runChild(FeatureRunner.java:68)\r\n\tat io.cucumber.junit.FeatureRunner.runChild(FeatureRunner.java:23)\r\n\tat org.junit.runners.ParentRunner$3.run(ParentRunner.java:290)\r\n\tat org.junit.runners.ParentRunner$1.schedule(ParentRunner.java:71)\r\n\tat org.junit.runners.ParentRunner.runChildren(ParentRunner.java:288)\r\n\tat org.junit.runners.ParentRunner.access$000(ParentRunner.java:58)\r\n\tat org.junit.runners.ParentRunner$2.evaluate(ParentRunner.java:268)\r\n\tat org.junit.runners.ParentRunner.run(ParentRunner.java:363)\r\n\tat io.cucumber.junit.Cucumber.runChild(Cucumber.java:144)\r\n\tat io.cucumber.junit.Cucumber.runChild(Cucumber.java:65)\r\n\tat org.junit.runners.ParentRunner$3.run(ParentRunner.java:290)\r\n\tat org.junit.runners.ParentRunner$1.schedule(ParentRunner.java:71)\r\n\tat org.junit.runners.ParentRunner.runChildren(ParentRunner.java:288)\r\n\tat org.junit.runners.ParentRunner.access$000(ParentRunner.java:58)\r\n\tat org.junit.runners.ParentRunner$2.evaluate(ParentRunner.java:268)\r\n\tat io.cucumber.junit.Cucumber$RunCucumber.evaluate(Cucumber.java:174)\r\n\tat org.junit.internal.runners.statements.RunAfters.evaluate(RunAfters.java:27)\r\n\tat org.junit.runners.ParentRunner.run(ParentRunner.java:363)\r\n\tat org.eclipse.jdt.internal.junit4.runner.JUnit4TestReference.run(JUnit4TestReference.java:86)\r\n\tat org.eclipse.jdt.internal.junit.runner.TestExecution.run(TestExecution.java:38)\r\n\tat org.eclipse.jdt.internal.junit.runner.RemoteTestRunner.runTests(RemoteTestRunner.java:538)\r\n\tat org.eclipse.jdt.internal.junit.runner.RemoteTestRunner.runTests(RemoteTestRunner.java:760)\r\n\tat org.eclipse.jdt.internal.junit.runner.RemoteTestRunner.run(RemoteTestRunner.java:460)\r\n\tat org.eclipse.jdt.internal.junit.runner.RemoteTestRunner.main(RemoteTestRunner.java:206)\r\n",
              "duration": 19047844100,
              "status": "failed"
            },
            "match": {
              "location": "Hooks.bef()"
            }
          }
        ],
        "line": 5,
        "name": "To validate forgotten password",
        "description": "",
        "id": "to-validate-forgotten-password-functionlity-of-facebook-app;to-validate-forgotten-password",
        "after": [
          {
            "result": {
              "duration": 479900,
              "status": "passed"
            },
            "match": {
              "location": "Hooks.aft()"
            }
          },
          {
            "result": {
              "duration": 1804800,
              "status": "passed"
            },
            "match": {
              "location": "Hooks.aft2()"
            }
          },
          {
            "result": {
              "duration": 738900,
              "status": "passed"
            },
            "match": {
              "location": "Hooks.aft1()"
            }
          }
        ],
        "type": "scenario",
        "keyword": "Scenario",
        "steps": [
          {
            "result": {
              "duration": 391784500,
              "status": "skipped"
            },
            "line": 6,
            "name": "User have to enter facebook login through chrome browser",
            "match": {
              "location": "StepDefinition.user_have_to_enter_facebook_login_through_chrome_browser()"
            },
            "keyword": "Given "
          },
          {
            "result": {
              "duration": 4742700,
              "status": "skipped"
            },
            "line": 7,
            "name": "User have to click forgotten Password",
            "match": {
              "location": "StepDefinition.user_have_to_click_forgotten_Password()"
            },
            "keyword": "And "
          },
          {
            "result": {
              "duration": 3436200,
              "status": "skipped"
            },
            "line": 8,
            "name": "User have to enter email or phoneNO",
            "match": {
              "location": "StepDefinition.user_have_to_enter_email_or_phoneNO()"
            },
            "keyword": "When "
          },
          {
            "result": {
              "duration": 3349400,
              "status": "skipped"
            },
            "line": 9,
            "name": "User have to click search btn",
            "match": {
              "location": "StepDefinition.user_have_to_click_search_btn()"
            },
            "keyword": "Then "
          }
        ],
        "tags": [
          {
            "name": "@ForgotPass"
          },
          {
            "name": "@sanity"
          },
          {
            "name": "@Regression"
          }
        ]
      }
    ],
    "name": "To validate forgotten password functionlity of facebook app",
    "description": "",
    "id": "to-validate-forgotten-password-functionlity-of-facebook-app",
    "keyword": "Feature",
    "uri": "file:src/test/resources/FeatureFiles/ForgotPassword.feature",
    "tags": [
      {
        "name": "@ForgotPass",
        "type": "Tag",
        "location": {
          "line": 1,
          "column": 1
        }
      }
    ]
  },
  {
    "line": 2,
    "elements": [
      {
        "line": 4,
        "name": "",
        "description": "",
        "type": "background",
        "keyword": "Background",
        "steps": [
          {
            "result": {
              "duration": 2479200,
              "status": "skipped"
            },
            "line": 5,
            "name": "User have to enter facebook login through chrome browser",
            "match": {
              "location": "StepDefinition.user_have_to_enter_facebook_login_through_chrome_browser()"
            },
            "keyword": "Given "
          }
        ]
      },
      {
        "start_timestamp": "2023-03-10T12:50:07.638Z",
        "before": [
          {
            "result": {
              "duration": 649100,
              "status": "passed"
            },
            "match": {
              "location": "Hooks.bef1()"
            }
          },
          {
            "result": {
              "duration": 682100,
              "status": "passed"
            },
            "match": {
              "location": "Hooks.bef12()"
            }
          },
          {
            "result": {
              "error_message": "org.openqa.selenium.SessionNotCreatedException: session not created: This version of ChromeDriver only supports Chrome version 98\nCurrent browser version is 108.0.5359.125 with binary path C:\\Program Files\\Google\\Chrome\\Application\\chrome.exe\nBuild info: version: \u00273.141.59\u0027, revision: \u0027e82be7d358\u0027, time: \u00272018-11-14T08:17:03\u0027\nSystem info: host: \u0027LTIN263603\u0027, ip: \u0027192.168.43.42\u0027, os.name: \u0027Windows 10\u0027, os.arch: \u0027amd64\u0027, os.version: \u002710.0\u0027, java.version: \u00271.8.0_291\u0027\nDriver info: driver.version: ChromeDriver\nremote stacktrace: Backtrace:\n\tOrdinal0 [0x00A369A3+2582947]\n\tOrdinal0 [0x009CA6D1+2139857]\n\tOrdinal0 [0x008C3A98+1063576]\n\tOrdinal0 [0x008E33B8+1192888]\n\tOrdinal0 [0x008DF235+1176117]\n\tOrdinal0 [0x008DC9E1+1165793]\n\tOrdinal0 [0x0090CFFF+1363967]\n\tOrdinal0 [0x0090CC2A+1362986]\n\tOrdinal0 [0x00908366+1344358]\n\tOrdinal0 [0x008E5176+1200502]\n\tOrdinal0 [0x008E6066+1204326]\n\tGetHandleVerifier [0x00BDBE02+1675858]\n\tGetHandleVerifier [0x00C9036C+2414524]\n\tGetHandleVerifier [0x00ACBB01+560977]\n\tGetHandleVerifier [0x00ACA8D3+556323]\n\tOrdinal0 [0x009D020E+2163214]\n\tOrdinal0 [0x009D5078+2183288]\n\tOrdinal0 [0x009D51C0+2183616]\n\tOrdinal0 [0x009DEE1C+2223644]\n\tBaseThreadInitThunk [0x764700F9+25]\n\tRtlGetAppContainerNamedObjectPath [0x77937BBE+286]\n\tRtlGetAppContainerNamedObjectPath [0x77937B8E+238]\n\r\n\tat sun.reflect.NativeConstructorAccessorImpl.newInstance0(Native Method)\r\n\tat sun.reflect.NativeConstructorAccessorImpl.newInstance(NativeConstructorAccessorImpl.java:62)\r\n\tat sun.reflect.DelegatingConstructorAccessorImpl.newInstance(DelegatingConstructorAccessorImpl.java:45)\r\n\tat java.lang.reflect.Constructor.newInstance(Constructor.java:423)\r\n\tat org.openqa.selenium.remote.W3CHandshakeResponse.lambda$errorHandler$0(W3CHandshakeResponse.java:62)\r\n\tat org.openqa.selenium.remote.HandshakeResponse.lambda$getResponseFunction$0(HandshakeResponse.java:30)\r\n\tat org.openqa.selenium.remote.ProtocolHandshake.lambda$createSession$0(ProtocolHandshake.java:126)\r\n\tat java.util.stream.ReferencePipeline$3$1.accept(ReferencePipeline.java:193)\r\n\tat java.util.Spliterators$ArraySpliterator.tryAdvance(Spliterators.java:958)\r\n\tat java.util.stream.ReferencePipeline.forEachWithCancel(ReferencePipeline.java:126)\r\n\tat java.util.stream.AbstractPipeline.copyIntoWithCancel(AbstractPipeline.java:499)\r\n\tat java.util.stream.AbstractPipeline.copyInto(AbstractPipeline.java:486)\r\n\tat java.util.stream.AbstractPipeline.wrapAndCopyInto(AbstractPipeline.java:472)\r\n\tat java.util.stream.FindOps$FindOp.evaluateSequential(FindOps.java:152)\r\n\tat java.util.stream.AbstractPipeline.evaluate(AbstractPipeline.java:234)\r\n\tat java.util.stream.ReferencePipeline.findFirst(ReferencePipeline.java:464)\r\n\tat org.openqa.selenium.remote.ProtocolHandshake.createSession(ProtocolHandshake.java:128)\r\n\tat org.openqa.selenium.remote.ProtocolHandshake.createSession(ProtocolHandshake.java:74)\r\n\tat org.openqa.selenium.remote.HttpCommandExecutor.execute(HttpCommandExecutor.java:136)\r\n\tat org.openqa.selenium.remote.service.DriverCommandExecutor.execute(DriverCommandExecutor.java:83)\r\n\tat org.openqa.selenium.remote.RemoteWebDriver.execute(RemoteWebDriver.java:552)\r\n\tat org.openqa.selenium.remote.RemoteWebDriver.startSession(RemoteWebDriver.java:213)\r\n\tat org.openqa.selenium.remote.RemoteWebDriver.\u003cinit\u003e(RemoteWebDriver.java:131)\r\n\tat org.openqa.selenium.chrome.ChromeDriver.\u003cinit\u003e(ChromeDriver.java:181)\r\n\tat org.openqa.selenium.chrome.ChromeDriver.\u003cinit\u003e(ChromeDriver.java:168)\r\n\tat org.openqa.selenium.chrome.ChromeDriver.\u003cinit\u003e(ChromeDriver.java:123)\r\n\tat org.base.BaseClass.openChromeBrowser(BaseClass.java:29)\r\n\tat org.stepdefinition.Hooks.bef(Hooks.java:23)\r\n\tat sun.reflect.NativeMethodAccessorImpl.invoke0(Native Method)\r\n\tat sun.reflect.NativeMethodAccessorImpl.invoke(NativeMethodAccessorImpl.java:62)\r\n\tat sun.reflect.DelegatingMethodAccessorImpl.invoke(DelegatingMethodAccessorImpl.java:43)\r\n\tat java.lang.reflect.Method.invoke(Method.java:498)\r\n\tat cucumber.runtime.Utils$1.call(Utils.java:26)\r\n\tat cucumber.runtime.Timeout.timeout(Timeout.java:16)\r\n\tat cucumber.runtime.Utils.invoke(Utils.java:20)\r\n\tat cucumber.runtime.java.JavaHookDefinition.execute(JavaHookDefinition.java:65)\r\n\tat cucumber.runner.HookDefinitionMatch.runStep(HookDefinitionMatch.java:16)\r\n\tat cucumber.runner.TestStep.executeStep(TestStep.java:65)\r\n\tat cucumber.runner.TestStep.run(TestStep.java:50)\r\n\tat cucumber.runner.TestCase.run(TestCase.java:42)\r\n\tat cucumber.runner.Runner.runPickle(Runner.java:50)\r\n\tat io.cucumber.junit.PickleRunners$NoStepDescriptions.run(PickleRunners.java:146)\r\n\tat io.cucumber.junit.FeatureRunner.runChild(FeatureRunner.java:68)\r\n\tat io.cucumber.junit.FeatureRunner.runChild(FeatureRunner.java:23)\r\n\tat org.junit.runners.ParentRunner$3.run(ParentRunner.java:290)\r\n\tat org.junit.runners.ParentRunner$1.schedule(ParentRunner.java:71)\r\n\tat org.junit.runners.ParentRunner.runChildren(ParentRunner.java:288)\r\n\tat org.junit.runners.ParentRunner.access$000(ParentRunner.java:58)\r\n\tat org.junit.runners.ParentRunner$2.evaluate(ParentRunner.java:268)\r\n\tat org.junit.runners.ParentRunner.run(ParentRunner.java:363)\r\n\tat io.cucumber.junit.Cucumber.runChild(Cucumber.java:144)\r\n\tat io.cucumber.junit.Cucumber.runChild(Cucumber.java:65)\r\n\tat org.junit.runners.ParentRunner$3.run(ParentRunner.java:290)\r\n\tat org.junit.runners.ParentRunner$1.schedule(ParentRunner.java:71)\r\n\tat org.junit.runners.ParentRunner.runChildren(ParentRunner.java:288)\r\n\tat org.junit.runners.ParentRunner.access$000(ParentRunner.java:58)\r\n\tat org.junit.runners.ParentRunner$2.evaluate(ParentRunner.java:268)\r\n\tat io.cucumber.junit.Cucumber$RunCucumber.evaluate(Cucumber.java:174)\r\n\tat org.junit.internal.runners.statements.RunAfters.evaluate(RunAfters.java:27)\r\n\tat org.junit.runners.ParentRunner.run(ParentRunner.java:363)\r\n\tat org.eclipse.jdt.internal.junit4.runner.JUnit4TestReference.run(JUnit4TestReference.java:86)\r\n\tat org.eclipse.jdt.internal.junit.runner.TestExecution.run(TestExecution.java:38)\r\n\tat org.eclipse.jdt.internal.junit.runner.RemoteTestRunner.runTests(RemoteTestRunner.java:538)\r\n\tat org.eclipse.jdt.internal.junit.runner.RemoteTestRunner.runTests(RemoteTestRunner.java:760)\r\n\tat org.eclipse.jdt.internal.junit.runner.RemoteTestRunner.run(RemoteTestRunner.java:460)\r\n\tat org.eclipse.jdt.internal.junit.runner.RemoteTestRunner.main(RemoteTestRunner.java:206)\r\n",
              "duration": 17627146800,
              "status": "failed"
            },
            "match": {
              "location": "Hooks.bef()"
            }
          },
          {
            "result": {
              "duration": 677200,
              "status": "passed"
            },
            "match": {
              "location": "Hooks.befSmokeScenario()"
            }
          }
        ],
        "line": 8,
        "name": "To validate login by using valid Email and invalid password",
        "description": "",
        "id": "to-validate-login-functionality-of-facebook-application;to-validate-login-by-using-valid-email-and-invalid-password",
        "after": [
          {
            "result": {
              "duration": 405400,
              "status": "passed"
            },
            "match": {
              "location": "Hooks.aft()"
            }
          },
          {
            "result": {
              "duration": 544900,
              "status": "passed"
            },
            "match": {
              "location": "Hooks.aftSmokeScenario()"
            }
          },
          {
            "result": {
              "duration": 712700,
              "status": "passed"
            },
            "match": {
              "location": "Hooks.aft2()"
            }
          },
          {
            "result": {
              "duration": 2006400,
              "status": "passed"
            },
            "match": {
              "location": "Hooks.aft1()"
            }
          }
        ],
        "type": "scenario",
        "keyword": "Scenario",
        "steps": [
          {
            "result": {
              "duration": 16234200,
              "status": "skipped"
            },
            "line": 9,
            "name": "User have to enter valid Email and invalid Password",
            "match": {
              "location": "StepDefinition.user_have_to_enter_valid_Email_and_invalid_Password(DataTable)"
            },
            "rows": [
              {
                "cells": [
                  "Username",
                  "Anitha"
                ]
              },
              {
                "cells": [
                  "Password",
                  "123456"
                ]
              },
              {
                "cells": [
                  "email",
                  "SeleniumJava@gmail.com"
                ]
              }
            ],
            "keyword": "When "
          },
          {
            "result": {
              "duration": 2254700,
              "status": "skipped"
            },
            "line": 15,
            "name": "User have to click login button",
            "match": {
              "location": "StepDefinition.user_have_to_click_login_button()"
            },
            "keyword": "And "
          },
          {
            "result": {
              "duration": 1657700,
              "status": "skipped"
            },
            "line": 16,
            "name": "User have to reach invalid credentials page",
            "match": {
              "location": "StepDefinition.user_have_to_reach_invalid_credentials_page()"
            },
            "keyword": "Then "
          }
        ],
        "tags": [
          {
            "name": "@Login"
          },
          {
            "name": "@sanity"
          },
          {
            "name": "@smoke"
          }
        ]
      },
      {
        "line": 4,
        "name": "",
        "description": "",
        "type": "background",
        "keyword": "Background",
        "steps": [
          {
            "result": {
              "duration": 1790000,
              "status": "skipped"
            },
            "line": 5,
            "name": "User have to enter facebook login through chrome browser",
            "match": {
              "location": "StepDefinition.user_have_to_enter_facebook_login_through_chrome_browser()"
            },
            "keyword": "Given "
          }
        ]
      },
      {
        "start_timestamp": "2023-03-10T12:50:25.366Z",
        "before": [
          {
            "result": {
              "duration": 2936900,
              "status": "passed"
            },
            "match": {
              "location": "Hooks.bef1()"
            }
          },
          {
            "result": {
              "duration": 1523300,
              "status": "passed"
            },
            "match": {
              "location": "Hooks.bef12()"
            }
          },
          {
            "result": {
              "error_message": "org.openqa.selenium.SessionNotCreatedException: session not created: This version of ChromeDriver only supports Chrome version 98\nCurrent browser version is 108.0.5359.125 with binary path C:\\Program Files\\Google\\Chrome\\Application\\chrome.exe\nBuild info: version: \u00273.141.59\u0027, revision: \u0027e82be7d358\u0027, time: \u00272018-11-14T08:17:03\u0027\nSystem info: host: \u0027LTIN263603\u0027, ip: \u0027192.168.43.42\u0027, os.name: \u0027Windows 10\u0027, os.arch: \u0027amd64\u0027, os.version: \u002710.0\u0027, java.version: \u00271.8.0_291\u0027\nDriver info: driver.version: ChromeDriver\nremote stacktrace: Backtrace:\n\tOrdinal0 [0x00A369A3+2582947]\n\tOrdinal0 [0x009CA6D1+2139857]\n\tOrdinal0 [0x008C3A98+1063576]\n\tOrdinal0 [0x008E33B8+1192888]\n\tOrdinal0 [0x008DF235+1176117]\n\tOrdinal0 [0x008DC9E1+1165793]\n\tOrdinal0 [0x0090CFFF+1363967]\n\tOrdinal0 [0x0090CC2A+1362986]\n\tOrdinal0 [0x00908366+1344358]\n\tOrdinal0 [0x008E5176+1200502]\n\tOrdinal0 [0x008E6066+1204326]\n\tGetHandleVerifier [0x00BDBE02+1675858]\n\tGetHandleVerifier [0x00C9036C+2414524]\n\tGetHandleVerifier [0x00ACBB01+560977]\n\tGetHandleVerifier [0x00ACA8D3+556323]\n\tOrdinal0 [0x009D020E+2163214]\n\tOrdinal0 [0x009D5078+2183288]\n\tOrdinal0 [0x009D51C0+2183616]\n\tOrdinal0 [0x009DEE1C+2223644]\n\tBaseThreadInitThunk [0x764700F9+25]\n\tRtlGetAppContainerNamedObjectPath [0x77937BBE+286]\n\tRtlGetAppContainerNamedObjectPath [0x77937B8E+238]\n\r\n\tat sun.reflect.NativeConstructorAccessorImpl.newInstance0(Native Method)\r\n\tat sun.reflect.NativeConstructorAccessorImpl.newInstance(NativeConstructorAccessorImpl.java:62)\r\n\tat sun.reflect.DelegatingConstructorAccessorImpl.newInstance(DelegatingConstructorAccessorImpl.java:45)\r\n\tat java.lang.reflect.Constructor.newInstance(Constructor.java:423)\r\n\tat org.openqa.selenium.remote.W3CHandshakeResponse.lambda$errorHandler$0(W3CHandshakeResponse.java:62)\r\n\tat org.openqa.selenium.remote.HandshakeResponse.lambda$getResponseFunction$0(HandshakeResponse.java:30)\r\n\tat org.openqa.selenium.remote.ProtocolHandshake.lambda$createSession$0(ProtocolHandshake.java:126)\r\n\tat java.util.stream.ReferencePipeline$3$1.accept(ReferencePipeline.java:193)\r\n\tat java.util.Spliterators$ArraySpliterator.tryAdvance(Spliterators.java:958)\r\n\tat java.util.stream.ReferencePipeline.forEachWithCancel(ReferencePipeline.java:126)\r\n\tat java.util.stream.AbstractPipeline.copyIntoWithCancel(AbstractPipeline.java:499)\r\n\tat java.util.stream.AbstractPipeline.copyInto(AbstractPipeline.java:486)\r\n\tat java.util.stream.AbstractPipeline.wrapAndCopyInto(AbstractPipeline.java:472)\r\n\tat java.util.stream.FindOps$FindOp.evaluateSequential(FindOps.java:152)\r\n\tat java.util.stream.AbstractPipeline.evaluate(AbstractPipeline.java:234)\r\n\tat java.util.stream.ReferencePipeline.findFirst(ReferencePipeline.java:464)\r\n\tat org.openqa.selenium.remote.ProtocolHandshake.createSession(ProtocolHandshake.java:128)\r\n\tat org.openqa.selenium.remote.ProtocolHandshake.createSession(ProtocolHandshake.java:74)\r\n\tat org.openqa.selenium.remote.HttpCommandExecutor.execute(HttpCommandExecutor.java:136)\r\n\tat org.openqa.selenium.remote.service.DriverCommandExecutor.execute(DriverCommandExecutor.java:83)\r\n\tat org.openqa.selenium.remote.RemoteWebDriver.execute(RemoteWebDriver.java:552)\r\n\tat org.openqa.selenium.remote.RemoteWebDriver.startSession(RemoteWebDriver.java:213)\r\n\tat org.openqa.selenium.remote.RemoteWebDriver.\u003cinit\u003e(RemoteWebDriver.java:131)\r\n\tat org.openqa.selenium.chrome.ChromeDriver.\u003cinit\u003e(ChromeDriver.java:181)\r\n\tat org.openqa.selenium.chrome.ChromeDriver.\u003cinit\u003e(ChromeDriver.java:168)\r\n\tat org.openqa.selenium.chrome.ChromeDriver.\u003cinit\u003e(ChromeDriver.java:123)\r\n\tat org.base.BaseClass.openChromeBrowser(BaseClass.java:29)\r\n\tat org.stepdefinition.Hooks.bef(Hooks.java:23)\r\n\tat sun.reflect.NativeMethodAccessorImpl.invoke0(Native Method)\r\n\tat sun.reflect.NativeMethodAccessorImpl.invoke(NativeMethodAccessorImpl.java:62)\r\n\tat sun.reflect.DelegatingMethodAccessorImpl.invoke(DelegatingMethodAccessorImpl.java:43)\r\n\tat java.lang.reflect.Method.invoke(Method.java:498)\r\n\tat cucumber.runtime.Utils$1.call(Utils.java:26)\r\n\tat cucumber.runtime.Timeout.timeout(Timeout.java:16)\r\n\tat cucumber.runtime.Utils.invoke(Utils.java:20)\r\n\tat cucumber.runtime.java.JavaHookDefinition.execute(JavaHookDefinition.java:65)\r\n\tat cucumber.runner.HookDefinitionMatch.runStep(HookDefinitionMatch.java:16)\r\n\tat cucumber.runner.TestStep.executeStep(TestStep.java:65)\r\n\tat cucumber.runner.TestStep.run(TestStep.java:50)\r\n\tat cucumber.runner.TestCase.run(TestCase.java:42)\r\n\tat cucumber.runner.Runner.runPickle(Runner.java:50)\r\n\tat io.cucumber.junit.PickleRunners$NoStepDescriptions.run(PickleRunners.java:146)\r\n\tat io.cucumber.junit.FeatureRunner.runChild(FeatureRunner.java:68)\r\n\tat io.cucumber.junit.FeatureRunner.runChild(FeatureRunner.java:23)\r\n\tat org.junit.runners.ParentRunner$3.run(ParentRunner.java:290)\r\n\tat org.junit.runners.ParentRunner$1.schedule(ParentRunner.java:71)\r\n\tat org.junit.runners.ParentRunner.runChildren(ParentRunner.java:288)\r\n\tat org.junit.runners.ParentRunner.access$000(ParentRunner.java:58)\r\n\tat org.junit.runners.ParentRunner$2.evaluate(ParentRunner.java:268)\r\n\tat org.junit.runners.ParentRunner.run(ParentRunner.java:363)\r\n\tat io.cucumber.junit.Cucumber.runChild(Cucumber.java:144)\r\n\tat io.cucumber.junit.Cucumber.runChild(Cucumber.java:65)\r\n\tat org.junit.runners.ParentRunner$3.run(ParentRunner.java:290)\r\n\tat org.junit.runners.ParentRunner$1.schedule(ParentRunner.java:71)\r\n\tat org.junit.runners.ParentRunner.runChildren(ParentRunner.java:288)\r\n\tat org.junit.runners.ParentRunner.access$000(ParentRunner.java:58)\r\n\tat org.junit.runners.ParentRunner$2.evaluate(ParentRunner.java:268)\r\n\tat io.cucumber.junit.Cucumber$RunCucumber.evaluate(Cucumber.java:174)\r\n\tat org.junit.internal.runners.statements.RunAfters.evaluate(RunAfters.java:27)\r\n\tat org.junit.runners.ParentRunner.run(ParentRunner.java:363)\r\n\tat org.eclipse.jdt.internal.junit4.runner.JUnit4TestReference.run(JUnit4TestReference.java:86)\r\n\tat org.eclipse.jdt.internal.junit.runner.TestExecution.run(TestExecution.java:38)\r\n\tat org.eclipse.jdt.internal.junit.runner.RemoteTestRunner.runTests(RemoteTestRunner.java:538)\r\n\tat org.eclipse.jdt.internal.junit.runner.RemoteTestRunner.runTests(RemoteTestRunner.java:760)\r\n\tat org.eclipse.jdt.internal.junit.runner.RemoteTestRunner.run(RemoteTestRunner.java:460)\r\n\tat org.eclipse.jdt.internal.junit.runner.RemoteTestRunner.main(RemoteTestRunner.java:206)\r\n",
              "duration": 15394497800,
              "status": "failed"
            },
            "match": {
              "location": "Hooks.bef()"
            }
          },
          {
            "result": {
              "duration": 655700,
              "status": "passed"
            },
            "match": {
              "location": "Hooks.befSmokeScenario()"
            }
          }
        ],
        "line": 19,
        "name": "To validate login by using Invalid Email and Invalid Password",
        "description": "",
        "id": "to-validate-login-functionality-of-facebook-application;to-validate-login-by-using-invalid-email-and-invalid-password",
        "after": [
          {
            "result": {
              "duration": 509900,
              "status": "passed"
            },
            "match": {
              "location": "Hooks.aft()"
            }
          },
          {
            "result": {
              "duration": 600600,
              "status": "passed"
            },
            "match": {
              "location": "Hooks.aftSmokeScenario()"
            }
          },
          {
            "result": {
              "duration": 614000,
              "status": "passed"
            },
            "match": {
              "location": "Hooks.aft2()"
            }
          },
          {
            "result": {
              "duration": 651300,
              "status": "passed"
            },
            "match": {
              "location": "Hooks.aft1()"
            }
          }
        ],
        "type": "scenario",
        "keyword": "Scenario",
        "steps": [
          {
            "result": {
              "duration": 11303700,
              "status": "skipped"
            },
            "line": 20,
            "name": "User have to enter invalid Email and invalid Password",
            "match": {
              "location": "StepDefinition.user_have_to_enter_invalid_Email_and_invalid_Password(DataTable)"
            },
            "rows": [
              {
                "cells": [
                  "Username",
                  "Email",
                  "Password"
                ]
              },
              {
                "cells": [
                  "python",
                  "12345667",
                  "Manual"
                ]
              },
              {
                "cells": [
                  "Greens@gmail.com",
                  "javasel21",
                  "asdf123"
                ]
              },
              {
                "cells": [
                  "Java7890",
                  "Greens",
                  "testing1"
                ]
              }
            ],
            "keyword": "When "
          },
          {
            "result": {
              "duration": 2437100,
              "status": "skipped"
            },
            "line": 30,
            "name": "User have to click login button",
            "match": {
              "location": "StepDefinition.user_have_to_click_login_button()"
            },
            "keyword": "And "
          },
          {
            "result": {
              "duration": 2029300,
              "status": "skipped"
            },
            "line": 31,
            "name": "User have to reach invalid credentials page",
            "match": {
              "location": "StepDefinition.user_have_to_reach_invalid_credentials_page()"
            },
            "keyword": "Then "
          }
        ],
        "tags": [
          {
            "name": "@Login"
          },
          {
            "name": "@Regression"
          },
          {
            "name": "@smoke"
          }
        ]
      }
    ],
    "name": "To validate Login Functionality of Facebook Application",
    "description": "",
    "id": "to-validate-login-functionality-of-facebook-application",
    "keyword": "Feature",
    "uri": "file:src/test/resources/FeatureFiles/Login.feature",
    "tags": [
      {
        "name": "@Login",
        "type": "Tag",
        "location": {
          "line": 1,
          "column": 1
        }
      }
    ]
  }
]